<?xml version="1.0" encoding="utf-8"?>
<shfbBuild product="Sandcastle Help File Builder and Tools" version="2023.7.8.0" projectFile="E:\Class\Course Material\L6\Sem 1\Software Engineering\Assignment_Project\HTML Docs\Assignment_Documents\Assignment.shfbproj" started="1/16/2024 2:31:47 PM">
<buildStep step="Initializing">
The Sandcastle tools are located in &#39;C:\Program Files (x86)\EWSoftware\Sandcastle Help File Builder&#39;
Locating components in the following folder(s):
    E:\Class\Course Material\L6\Sem 1\Software Engineering\Assignment_Project\HTML Docs\Assignment_Documents
    C:\ProgramData\EWSoftware\Sandcastle Help File Builder\Components and Plug-Ins
    C:\Program Files (x86)\EWSoftware\Sandcastle Help File Builder\Components
Using framework reflection data for &#39;.NET Framework 4.7.2&#39; located in &#39;C:\Program Files (x86)\EWSoftware\Sandcastle Help File Builder\Data\.NETFramework&#39;
Using presentation style &#39;Default2022&#39; located in &#39;C:\Program Files (x86)\EWSoftware\Sandcastle Help File Builder\Components\Default2022&#39;
Loading and initializing plug-ins...
Website Table of Contents Generator Version 2023.7.8.0
Copyright &#169; 2006-2023, Eric Woodruff, All Rights Reserved
-------------------------------
Clearing any prior web/markdown output...
</buildStep>
<buildStep step="ValidatingDocumentationSources">
Validating and copying documentation source information
Source: E:\Class\Course Material\L6\Sem 1\Software Engineering\Assignment_Project\Assignment1\bin\Debug\Assignment1.exe
    Found assembly &#39;E:\Class\Course Material\L6\Sem 1\Software Engineering\Assignment_Project\Assignment1\bin\Debug\Assignment1.exe&#39;
Source: E:\Class\Course Material\L6\Sem 1\Software Engineering\Assignment_Project\Assignment1\bin\Debug\document.xml

Copying XML comments files
    E:\Class\Course Material\L6\Sem 1\Software Engineering\Assignment_Project\Assignment1\bin\Debug\document.xml -&gt; E:\Class\Course Material\L6\Sem 1\Software Engineering\Assignment_Project\HTML Docs\Assignment_Documents\Help\Working\document.xml
</buildStep>
<buildStep step="GenerateSharedContent">
Generating shared content files (en-US, English (United States))...
    Last step completed in 00:00:00.0050
</buildStep>
<buildStep step="GenerateApiFilter">
Generating API filter for MRefBuilder...
    Last step completed in 00:00:00.0290
</buildStep>
<buildStep step="GenerateReflectionInfo">
Generating reflection information...
[E:\Microsoft Visual Studio\MSBuild\Current\Bin\amd64\MSBuild.exe - GenerateRefInfo-106a0f7c-aae4-4955-a0b9-e988774361ee.proj]
Build started 1/16/2024 2:31:50 PM.

Project &quot;E:\Class\Course Material\L6\Sem 1\Software Engineering\Assignment_Project\HTML Docs\Assignment_Documents\Help\Working\GenerateRefInfo-106a0f7c-aae4-4955-a0b9-e988774361ee.proj&quot; on node 1 (default targets).
PrepareForBuild:
  Creating directory &quot;obj\Debug\&quot;.
GenerateRefInfo:
  Microsoft.Build (v17.7.2+d6990bcfaf520c0d215a194fad0617f7efad68b4)
  c Microsoft Corporation. All rights reserved.
  No source code context base path specified.  Source context information is unavailable.
  Loaded 1 assemblies for reflection and 1 dependency assemblies.
  Wrote information on 15 namespaces, 38 types, and 331 members
  Merging duplicate type and member information
  Merged 0 duplicate type(s) and 0 duplicate member(s)
Done Building Project &quot;E:\Class\Course Material\L6\Sem 1\Software Engineering\Assignment_Project\HTML Docs\Assignment_Documents\Help\Working\GenerateRefInfo-106a0f7c-aae4-4955-a0b9-e988774361ee.proj&quot; (default targets).
    Last step completed in 00:00:01.4624
</buildStep>
<buildStep step="ApplyDocumentModel">
Applying document model to reflection output...
    Last step completed in 00:00:00.2078
</buildStep>
<buildStep step="AddApiTopicFilenames">
Adding topic filenames to API members...
    Last step completed in 00:00:00.2658
</buildStep>
<buildStep step="GenerateApiTopicManifest">
Generating API topic manifest...
    Last step completed in 00:00:00.2609
</buildStep>
<buildStep step="GenerateNamespaceSummaries">
Generating namespace summary information...
    Last step completed in 00:00:00.0879
</buildStep>
<buildStep step="CopyAdditionalContent">
Copying additional content files...
No additional content to copy
    Last step completed in 00:00:00.0020
</buildStep>
<buildStep step="MergeTablesOfContents">
Merging conceptual and additional tables of contents...
    Last step completed in 00:00:00.0000
</buildStep>
<buildStep step="GenerateIntermediateTableOfContents">
Generating intermediate table of contents file for API content...
Generating conceptual content intermediate TOC file...
    Last step completed in 00:00:00.0992
</buildStep>
<buildStep step="CreateBuildAssemblerConfigs">
Creating Sandcastle configuration files...
    Last step completed in 00:00:00.4236
</buildStep>
<buildStep step="CombiningIntermediateTocFiles">
Combining conceptual and API intermediate TOC files...
    Last step completed in 00:00:00.0235
</buildStep>
<buildStep step="MergeCustomConfigs">
Merging custom build component configurations
E:\Class\Course Material\L6\Sem 1\Software Engineering\Assignment_Project\HTML Docs\Assignment_Documents\Help\Working\BuildAssembler.config
  Updating reference topic configurations.
  No conceptual content.  Removing conceptual content components.
    Last step completed in 00:00:00.0335
</buildStep>
<buildStep step="BuildTopics">
Building help topics...
<plugIn name="Website Table of Contents Generator" behavior="Before" priority="1000">
Loading TOC info and adding unique IDs to parent nodes
</plugIn>Loading configuration...
Processing topics...
SHFB: Warning BE0066: ResolveReferenceLinksComponent: [T:Assignment1.Form1] Member ID URL not found for target &#39;P:System.ComponentModel.Component.CanRaiseEventsInternal&#39;.
SHFB: Warning BE0066: ResolveReferenceLinksComponent: [T:Assignment1.Form1] Member ID URL not found for target &#39;P:System.Windows.Forms.Control.RenderTransparent&#39;.
SHFB: Warning BE0066: ResolveReferenceLinksComponent: [T:Assignment1.Form1] Member ID URL not found for target &#39;M:System.MarshalByRefObject.__RaceSetServerIdentity(System.Runtime.Remoting.ServerIdentity)&#39;.
SHFB: Warning BE0066: ResolveReferenceLinksComponent: [T:Assignment1.Form1] Member ID URL not found for target &#39;M:System.MarshalByRefObject.__ResetServerIdentity&#39;.
SHFB: Warning BE0066: ResolveReferenceLinksComponent: [T:Assignment1.Form1] Member ID URL not found for target &#39;M:System.MarshalByRefObject.CanCastToXmlType(System.String,System.String)&#39;.
SHFB: Warning BE0066: ResolveReferenceLinksComponent: [T:Assignment1.Form1] Member ID URL not found for target &#39;M:System.MarshalByRefObject.GetComIUnknown(System.Boolean)&#39;.
SHFB: Warning BE0066: ResolveReferenceLinksComponent: [T:Assignment1.Form1] Member ID URL not found for target &#39;M:System.MarshalByRefObject.InvokeMember(System.String,System.Reflection.BindingFlags,System.Reflection.Binder,System.Object[],System.Reflection.ParameterModifier[],System.Globalization.CultureInfo,System.String[])&#39;.
SHFB: Warning BE0066: ResolveReferenceLinksComponent: [T:Assignment1.Form1] Member ID URL not found for target &#39;M:System.MarshalByRefObject.IsInstanceOfType(System.Type)&#39;.
SHFB: Warning BE0066: ResolveReferenceLinksComponent: [Methods.T:Assignment1.Form1] Member ID URL not found for target &#39;M:System.MarshalByRefObject.__RaceSetServerIdentity(System.Runtime.Remoting.ServerIdentity)&#39;.
SHFB: Warning BE0066: ResolveReferenceLinksComponent: [Methods.T:Assignment1.Form1] Member ID URL not found for target &#39;M:System.MarshalByRefObject.__ResetServerIdentity&#39;.
SHFB: Warning BE0066: ResolveReferenceLinksComponent: [Methods.T:Assignment1.Form1] Member ID URL not found for target &#39;M:System.MarshalByRefObject.CanCastToXmlType(System.String,System.String)&#39;.
SHFB: Warning BE0066: ResolveReferenceLinksComponent: [Methods.T:Assignment1.Form1] Member ID URL not found for target &#39;M:System.MarshalByRefObject.GetComIUnknown(System.Boolean)&#39;.
SHFB: Warning BE0066: ResolveReferenceLinksComponent: [Methods.T:Assignment1.Form1] Member ID URL not found for target &#39;M:System.MarshalByRefObject.InvokeMember(System.String,System.Reflection.BindingFlags,System.Reflection.Binder,System.Object[],System.Reflection.ParameterModifier[],System.Globalization.CultureInfo,System.String[])&#39;.
SHFB: Warning BE0066: ResolveReferenceLinksComponent: [Methods.T:Assignment1.Form1] Member ID URL not found for target &#39;M:System.MarshalByRefObject.IsInstanceOfType(System.Type)&#39;.
SHFB: Warning BE0066: ResolveReferenceLinksComponent: [Properties.T:Assignment1.Form1] Member ID URL not found for target &#39;P:System.ComponentModel.Component.CanRaiseEventsInternal&#39;.
SHFB: Warning BE0066: ResolveReferenceLinksComponent: [Properties.T:Assignment1.Form1] Member ID URL not found for target &#39;P:System.Windows.Forms.Control.RenderTransparent&#39;.
SHFB: Warning BE0066: ResolveReferenceLinksComponent: [T:Assignment1.ExceptionHandler.IllegalOperatorException] Member ID URL not found for target &#39;P:System.Exception.IPForWatsonBuckets&#39;.
SHFB: Warning BE0066: ResolveReferenceLinksComponent: [T:Assignment1.ExceptionHandler.IllegalOperatorException] Member ID URL not found for target &#39;P:System.Exception.IsTransient&#39;.
SHFB: Warning BE0066: ResolveReferenceLinksComponent: [T:Assignment1.ExceptionHandler.IllegalOperatorException] Member ID URL not found for target &#39;P:System.Exception.RemoteStackTrace&#39;.
SHFB: Warning BE0066: ResolveReferenceLinksComponent: [T:Assignment1.ExceptionHandler.IllegalOperatorException] Member ID URL not found for target &#39;P:System.Exception.WatsonBuckets&#39;.
SHFB: Warning BE0066: ResolveReferenceLinksComponent: [T:Assignment1.ExceptionHandler.IllegalOperatorException] Member ID URL not found for target &#39;M:System.Exception.AddExceptionDataForRestrictedErrorInfo(System.String,System.String,System.String,System.Object,System.Boolean)&#39;.
SHFB: Warning BE0066: ResolveReferenceLinksComponent: [T:Assignment1.ExceptionHandler.IllegalOperatorException] Member ID URL not found for target &#39;M:System.Exception.DeepCopyDynamicMethods(System.Object)&#39;.
SHFB: Warning BE0066: ResolveReferenceLinksComponent: [T:Assignment1.ExceptionHandler.IllegalOperatorException] Member ID URL not found for target &#39;M:System.Exception.DeepCopyStackTrace(System.Object)&#39;.
SHFB: Warning BE0066: ResolveReferenceLinksComponent: [T:Assignment1.ExceptionHandler.IllegalOperatorException] Member ID URL not found for target &#39;M:System.Exception.GetStackTracesDeepCopy(System.Object@,System.Object@)&#39;.
SHFB: Warning BE0066: ResolveReferenceLinksComponent: [T:Assignment1.ExceptionHandler.IllegalOperatorException] Member ID URL not found for target &#39;M:System.Exception.InternalPreserveStackTrace&#39;.
SHFB: Warning BE0066: ResolveReferenceLinksComponent: [T:Assignment1.ExceptionHandler.IllegalOperatorException] Member ID URL not found for target &#39;M:System.Exception.InternalToString&#39;.
SHFB: Warning BE0066: ResolveReferenceLinksComponent: [T:Assignment1.ExceptionHandler.IllegalOperatorException] Member ID URL not found for target &#39;M:System.Exception.PrepForRemoting&#39;.
SHFB: Warning BE0066: ResolveReferenceLinksComponent: [T:Assignment1.ExceptionHandler.IllegalOperatorException] Member ID URL not found for target &#39;M:System.Exception.RestoreExceptionDispatchInfo(System.Runtime.ExceptionServices.ExceptionDispatchInfo)&#39;.
SHFB: Warning BE0066: ResolveReferenceLinksComponent: [T:Assignment1.ExceptionHandler.IllegalOperatorException] Member ID URL not found for target &#39;M:System.Exception.SetErrorCode(System.Int32)&#39;.
SHFB: Warning BE0066: ResolveReferenceLinksComponent: [T:Assignment1.ExceptionHandler.IllegalOperatorException] Member ID URL not found for target &#39;M:System.Exception.TryGetRestrictedLanguageErrorObject(System.Object@)&#39;.
SHFB: Warning BE0066: ResolveReferenceLinksComponent: [T:Assignment1.ExceptionHandler.IllegalOperatorException] Member ID URL not found for target &#39;F:System.Exception._HResult&#39;.
SHFB: Warning BE0066: ResolveReferenceLinksComponent: [T:Assignment1.ExceptionHandler.IllegalOperatorException] Member ID URL not found for target &#39;F:System.Exception._message&#39;.
SHFB: Warning BE0066: ResolveReferenceLinksComponent: [Methods.T:Assignment1.ExceptionHandler.IllegalOperatorException] Member ID URL not found for target &#39;M:System.Exception.AddExceptionDataForRestrictedErrorInfo(System.String,System.String,System.String,System.Object,System.Boolean)&#39;.
SHFB: Warning BE0066: ResolveReferenceLinksComponent: [Methods.T:Assignment1.ExceptionHandler.IllegalOperatorException] Member ID URL not found for target &#39;M:System.Exception.DeepCopyDynamicMethods(System.Object)&#39;.
SHFB: Warning BE0066: ResolveReferenceLinksComponent: [Methods.T:Assignment1.ExceptionHandler.IllegalOperatorException] Member ID URL not found for target &#39;M:System.Exception.DeepCopyStackTrace(System.Object)&#39;.
SHFB: Warning BE0066: ResolveReferenceLinksComponent: [Methods.T:Assignment1.ExceptionHandler.IllegalOperatorException] Member ID URL not found for target &#39;M:System.Exception.GetStackTracesDeepCopy(System.Object@,System.Object@)&#39;.
SHFB: Warning BE0066: ResolveReferenceLinksComponent: [Methods.T:Assignment1.ExceptionHandler.IllegalOperatorException] Member ID URL not found for target &#39;M:System.Exception.InternalPreserveStackTrace&#39;.
SHFB: Warning BE0066: ResolveReferenceLinksComponent: [Methods.T:Assignment1.ExceptionHandler.IllegalOperatorException] Member ID URL not found for target &#39;M:System.Exception.InternalToString&#39;.
SHFB: Warning BE0066: ResolveReferenceLinksComponent: [Methods.T:Assignment1.ExceptionHandler.IllegalOperatorException] Member ID URL not found for target &#39;M:System.Exception.PrepForRemoting&#39;.
SHFB: Warning BE0066: ResolveReferenceLinksComponent: [Methods.T:Assignment1.ExceptionHandler.IllegalOperatorException] Member ID URL not found for target &#39;M:System.Exception.RestoreExceptionDispatchInfo(System.Runtime.ExceptionServices.ExceptionDispatchInfo)&#39;.
SHFB: Warning BE0066: ResolveReferenceLinksComponent: [Methods.T:Assignment1.ExceptionHandler.IllegalOperatorException] Member ID URL not found for target &#39;M:System.Exception.SetErrorCode(System.Int32)&#39;.
SHFB: Warning BE0066: ResolveReferenceLinksComponent: [Methods.T:Assignment1.ExceptionHandler.IllegalOperatorException] Member ID URL not found for target &#39;M:System.Exception.TryGetRestrictedLanguageErrorObject(System.Object@)&#39;.
SHFB: Warning BE0066: ResolveReferenceLinksComponent: [Properties.T:Assignment1.ExceptionHandler.IllegalOperatorException] Member ID URL not found for target &#39;P:System.Exception.IPForWatsonBuckets&#39;.
SHFB: Warning BE0066: ResolveReferenceLinksComponent: [Properties.T:Assignment1.ExceptionHandler.IllegalOperatorException] Member ID URL not found for target &#39;P:System.Exception.IsTransient&#39;.
SHFB: Warning BE0066: ResolveReferenceLinksComponent: [Properties.T:Assignment1.ExceptionHandler.IllegalOperatorException] Member ID URL not found for target &#39;P:System.Exception.RemoteStackTrace&#39;.
SHFB: Warning BE0066: ResolveReferenceLinksComponent: [Properties.T:Assignment1.ExceptionHandler.IllegalOperatorException] Member ID URL not found for target &#39;P:System.Exception.WatsonBuckets&#39;.
SHFB: Warning BE0066: ResolveReferenceLinksComponent: [Fields.T:Assignment1.ExceptionHandler.IllegalOperatorException] Member ID URL not found for target &#39;F:System.Exception._HResult&#39;.
SHFB: Warning BE0066: ResolveReferenceLinksComponent: [Fields.T:Assignment1.ExceptionHandler.IllegalOperatorException] Member ID URL not found for target &#39;F:System.Exception._message&#39;.
SHFB: Warning BE0066: ResolveReferenceLinksComponent: [T:Assignment1.ExceptionHandler.IllegalParameterException] Member ID URL not found for target &#39;P:System.Exception.IPForWatsonBuckets&#39;.
SHFB: Warning BE0066: ResolveReferenceLinksComponent: [T:Assignment1.ExceptionHandler.IllegalParameterException] Member ID URL not found for target &#39;P:System.Exception.IsTransient&#39;.
SHFB: Warning BE0066: ResolveReferenceLinksComponent: [T:Assignment1.ExceptionHandler.IllegalParameterException] Member ID URL not found for target &#39;P:System.Exception.RemoteStackTrace&#39;.
SHFB: Warning BE0066: ResolveReferenceLinksComponent: [T:Assignment1.ExceptionHandler.IllegalParameterException] Member ID URL not found for target &#39;P:System.Exception.WatsonBuckets&#39;.
SHFB: Warning BE0066: ResolveReferenceLinksComponent: [T:Assignment1.ExceptionHandler.IllegalParameterException] Member ID URL not found for target &#39;M:System.Exception.AddExceptionDataForRestrictedErrorInfo(System.String,System.String,System.String,System.Object,System.Boolean)&#39;.
SHFB: Warning BE0066: ResolveReferenceLinksComponent: [T:Assignment1.ExceptionHandler.IllegalParameterException] Member ID URL not found for target &#39;M:System.Exception.DeepCopyDynamicMethods(System.Object)&#39;.
SHFB: Warning BE0066: ResolveReferenceLinksComponent: [T:Assignment1.ExceptionHandler.IllegalParameterException] Member ID URL not found for target &#39;M:System.Exception.DeepCopyStackTrace(System.Object)&#39;.
SHFB: Warning BE0066: ResolveReferenceLinksComponent: [T:Assignment1.ExceptionHandler.IllegalParameterException] Member ID URL not found for target &#39;M:System.Exception.GetStackTracesDeepCopy(System.Object@,System.Object@)&#39;.
SHFB: Warning BE0066: ResolveReferenceLinksComponent: [T:Assignment1.ExceptionHandler.IllegalParameterException] Member ID URL not found for target &#39;M:System.Exception.InternalPreserveStackTrace&#39;.
SHFB: Warning BE0066: ResolveReferenceLinksComponent: [T:Assignment1.ExceptionHandler.IllegalParameterException] Member ID URL not found for target &#39;M:System.Exception.InternalToString&#39;.
SHFB: Warning BE0066: ResolveReferenceLinksComponent: [T:Assignment1.ExceptionHandler.IllegalParameterException] Member ID URL not found for target &#39;M:System.Exception.PrepForRemoting&#39;.
SHFB: Warning BE0066: ResolveReferenceLinksComponent: [T:Assignment1.ExceptionHandler.IllegalParameterException] Member ID URL not found for target &#39;M:System.Exception.RestoreExceptionDispatchInfo(System.Runtime.ExceptionServices.ExceptionDispatchInfo)&#39;.
SHFB: Warning BE0066: ResolveReferenceLinksComponent: [T:Assignment1.ExceptionHandler.IllegalParameterException] Member ID URL not found for target &#39;M:System.Exception.SetErrorCode(System.Int32)&#39;.
SHFB: Warning BE0066: ResolveReferenceLinksComponent: [T:Assignment1.ExceptionHandler.IllegalParameterException] Member ID URL not found for target &#39;M:System.Exception.TryGetRestrictedLanguageErrorObject(System.Object@)&#39;.
SHFB: Warning BE0066: ResolveReferenceLinksComponent: [T:Assignment1.ExceptionHandler.IllegalParameterException] Member ID URL not found for target &#39;F:System.Exception._HResult&#39;.
SHFB: Warning BE0066: ResolveReferenceLinksComponent: [T:Assignment1.ExceptionHandler.IllegalParameterException] Member ID URL not found for target &#39;F:System.Exception._message&#39;.
SHFB: Warning BE0066: ResolveReferenceLinksComponent: [Methods.T:Assignment1.ExceptionHandler.IllegalParameterException] Member ID URL not found for target &#39;M:System.Exception.AddExceptionDataForRestrictedErrorInfo(System.String,System.String,System.String,System.Object,System.Boolean)&#39;.
SHFB: Warning BE0066: ResolveReferenceLinksComponent: [Methods.T:Assignment1.ExceptionHandler.IllegalParameterException] Member ID URL not found for target &#39;M:System.Exception.DeepCopyDynamicMethods(System.Object)&#39;.
SHFB: Warning BE0066: ResolveReferenceLinksComponent: [Methods.T:Assignment1.ExceptionHandler.IllegalParameterException] Member ID URL not found for target &#39;M:System.Exception.DeepCopyStackTrace(System.Object)&#39;.
SHFB: Warning BE0066: ResolveReferenceLinksComponent: [Methods.T:Assignment1.ExceptionHandler.IllegalParameterException] Member ID URL not found for target &#39;M:System.Exception.GetStackTracesDeepCopy(System.Object@,System.Object@)&#39;.
SHFB: Warning BE0066: ResolveReferenceLinksComponent: [Methods.T:Assignment1.ExceptionHandler.IllegalParameterException] Member ID URL not found for target &#39;M:System.Exception.InternalPreserveStackTrace&#39;.
SHFB: Warning BE0066: ResolveReferenceLinksComponent: [Methods.T:Assignment1.ExceptionHandler.IllegalParameterException] Member ID URL not found for target &#39;M:System.Exception.InternalToString&#39;.
SHFB: Warning BE0066: ResolveReferenceLinksComponent: [Methods.T:Assignment1.ExceptionHandler.IllegalParameterException] Member ID URL not found for target &#39;M:System.Exception.PrepForRemoting&#39;.
SHFB: Warning BE0066: ResolveReferenceLinksComponent: [Methods.T:Assignment1.ExceptionHandler.IllegalParameterException] Member ID URL not found for target &#39;M:System.Exception.RestoreExceptionDispatchInfo(System.Runtime.ExceptionServices.ExceptionDispatchInfo)&#39;.
SHFB: Warning BE0066: ResolveReferenceLinksComponent: [Methods.T:Assignment1.ExceptionHandler.IllegalParameterException] Member ID URL not found for target &#39;M:System.Exception.SetErrorCode(System.Int32)&#39;.
SHFB: Warning BE0066: ResolveReferenceLinksComponent: [Methods.T:Assignment1.ExceptionHandler.IllegalParameterException] Member ID URL not found for target &#39;M:System.Exception.TryGetRestrictedLanguageErrorObject(System.Object@)&#39;.
SHFB: Warning BE0066: ResolveReferenceLinksComponent: [Properties.T:Assignment1.ExceptionHandler.IllegalParameterException] Member ID URL not found for target &#39;P:System.Exception.IPForWatsonBuckets&#39;.
SHFB: Warning BE0066: ResolveReferenceLinksComponent: [Properties.T:Assignment1.ExceptionHandler.IllegalParameterException] Member ID URL not found for target &#39;P:System.Exception.IsTransient&#39;.
SHFB: Warning BE0066: ResolveReferenceLinksComponent: [Properties.T:Assignment1.ExceptionHandler.IllegalParameterException] Member ID URL not found for target &#39;P:System.Exception.RemoteStackTrace&#39;.
SHFB: Warning BE0066: ResolveReferenceLinksComponent: [Properties.T:Assignment1.ExceptionHandler.IllegalParameterException] Member ID URL not found for target &#39;P:System.Exception.WatsonBuckets&#39;.
SHFB: Warning BE0066: ResolveReferenceLinksComponent: [Fields.T:Assignment1.ExceptionHandler.IllegalParameterException] Member ID URL not found for target &#39;F:System.Exception._HResult&#39;.
SHFB: Warning BE0066: ResolveReferenceLinksComponent: [Fields.T:Assignment1.ExceptionHandler.IllegalParameterException] Member ID URL not found for target &#39;F:System.Exception._message&#39;.
SHFB: Warning BE0066: ResolveReferenceLinksComponent: [T:Assignment1.ExceptionHandler.IllegalSyntaxException] Member ID URL not found for target &#39;P:System.Exception.IPForWatsonBuckets&#39;.
SHFB: Warning BE0066: ResolveReferenceLinksComponent: [T:Assignment1.ExceptionHandler.IllegalSyntaxException] Member ID URL not found for target &#39;P:System.Exception.IsTransient&#39;.
SHFB: Warning BE0066: ResolveReferenceLinksComponent: [T:Assignment1.ExceptionHandler.IllegalSyntaxException] Member ID URL not found for target &#39;P:System.Exception.RemoteStackTrace&#39;.
SHFB: Warning BE0066: ResolveReferenceLinksComponent: [T:Assignment1.ExceptionHandler.IllegalSyntaxException] Member ID URL not found for target &#39;P:System.Exception.WatsonBuckets&#39;.
SHFB: Warning BE0066: ResolveReferenceLinksComponent: [T:Assignment1.ExceptionHandler.IllegalSyntaxException] Member ID URL not found for target &#39;M:System.Exception.AddExceptionDataForRestrictedErrorInfo(System.String,System.String,System.String,System.Object,System.Boolean)&#39;.
SHFB: Warning BE0066: ResolveReferenceLinksComponent: [T:Assignment1.ExceptionHandler.IllegalSyntaxException] Member ID URL not found for target &#39;M:System.Exception.DeepCopyDynamicMethods(System.Object)&#39;.
SHFB: Warning BE0066: ResolveReferenceLinksComponent: [T:Assignment1.ExceptionHandler.IllegalSyntaxException] Member ID URL not found for target &#39;M:System.Exception.DeepCopyStackTrace(System.Object)&#39;.
SHFB: Warning BE0066: ResolveReferenceLinksComponent: [T:Assignment1.ExceptionHandler.IllegalSyntaxException] Member ID URL not found for target &#39;M:System.Exception.GetStackTracesDeepCopy(System.Object@,System.Object@)&#39;.
SHFB: Warning BE0066: ResolveReferenceLinksComponent: [T:Assignment1.ExceptionHandler.IllegalSyntaxException] Member ID URL not found for target &#39;M:System.Exception.InternalPreserveStackTrace&#39;.
SHFB: Warning BE0066: ResolveReferenceLinksComponent: [T:Assignment1.ExceptionHandler.IllegalSyntaxException] Member ID URL not found for target &#39;M:System.Exception.InternalToString&#39;.
SHFB: Warning BE0066: ResolveReferenceLinksComponent: [T:Assignment1.ExceptionHandler.IllegalSyntaxException] Member ID URL not found for target &#39;M:System.Exception.PrepForRemoting&#39;.
SHFB: Warning BE0066: ResolveReferenceLinksComponent: [T:Assignment1.ExceptionHandler.IllegalSyntaxException] Member ID URL not found for target &#39;M:System.Exception.RestoreExceptionDispatchInfo(System.Runtime.ExceptionServices.ExceptionDispatchInfo)&#39;.
SHFB: Warning BE0066: ResolveReferenceLinksComponent: [T:Assignment1.ExceptionHandler.IllegalSyntaxException] Member ID URL not found for target &#39;M:System.Exception.SetErrorCode(System.Int32)&#39;.
SHFB: Warning BE0066: ResolveReferenceLinksComponent: [T:Assignment1.ExceptionHandler.IllegalSyntaxException] Member ID URL not found for target &#39;M:System.Exception.TryGetRestrictedLanguageErrorObject(System.Object@)&#39;.
SHFB: Warning BE0066: ResolveReferenceLinksComponent: [T:Assignment1.ExceptionHandler.IllegalSyntaxException] Member ID URL not found for target &#39;F:System.Exception._HResult&#39;.
SHFB: Warning BE0066: ResolveReferenceLinksComponent: [T:Assignment1.ExceptionHandler.IllegalSyntaxException] Member ID URL not found for target &#39;F:System.Exception._message&#39;.
SHFB: Warning BE0066: ResolveReferenceLinksComponent: [Methods.T:Assignment1.ExceptionHandler.IllegalSyntaxException] Member ID URL not found for target &#39;M:System.Exception.AddExceptionDataForRestrictedErrorInfo(System.String,System.String,System.String,System.Object,System.Boolean)&#39;.
SHFB: Warning BE0066: ResolveReferenceLinksComponent: [Methods.T:Assignment1.ExceptionHandler.IllegalSyntaxException] Member ID URL not found for target &#39;M:System.Exception.DeepCopyDynamicMethods(System.Object)&#39;.
SHFB: Warning BE0066: ResolveReferenceLinksComponent: [Methods.T:Assignment1.ExceptionHandler.IllegalSyntaxException] Member ID URL not found for target &#39;M:System.Exception.DeepCopyStackTrace(System.Object)&#39;.
SHFB: Warning BE0066: ResolveReferenceLinksComponent: [Methods.T:Assignment1.ExceptionHandler.IllegalSyntaxException] Member ID URL not found for target &#39;M:System.Exception.GetStackTracesDeepCopy(System.Object@,System.Object@)&#39;.
SHFB: Warning BE0066: ResolveReferenceLinksComponent: [Methods.T:Assignment1.ExceptionHandler.IllegalSyntaxException] Member ID URL not found for target &#39;M:System.Exception.InternalPreserveStackTrace&#39;.
SHFB: Warning BE0066: ResolveReferenceLinksComponent: [Methods.T:Assignment1.ExceptionHandler.IllegalSyntaxException] Member ID URL not found for target &#39;M:System.Exception.InternalToString&#39;.
SHFB: Warning BE0066: ResolveReferenceLinksComponent: [Methods.T:Assignment1.ExceptionHandler.IllegalSyntaxException] Member ID URL not found for target &#39;M:System.Exception.PrepForRemoting&#39;.
SHFB: Warning BE0066: ResolveReferenceLinksComponent: [Methods.T:Assignment1.ExceptionHandler.IllegalSyntaxException] Member ID URL not found for target &#39;M:System.Exception.RestoreExceptionDispatchInfo(System.Runtime.ExceptionServices.ExceptionDispatchInfo)&#39;.
SHFB: Warning BE0066: ResolveReferenceLinksComponent: [Methods.T:Assignment1.ExceptionHandler.IllegalSyntaxException] Member ID URL not found for target &#39;M:System.Exception.SetErrorCode(System.Int32)&#39;.
SHFB: Warning BE0066: ResolveReferenceLinksComponent: [Methods.T:Assignment1.ExceptionHandler.IllegalSyntaxException] Member ID URL not found for target &#39;M:System.Exception.TryGetRestrictedLanguageErrorObject(System.Object@)&#39;.
SHFB: Warning BE0066: ResolveReferenceLinksComponent: [Properties.T:Assignment1.ExceptionHandler.IllegalSyntaxException] Member ID URL not found for target &#39;P:System.Exception.IPForWatsonBuckets&#39;.
SHFB: Warning BE0066: ResolveReferenceLinksComponent: [Properties.T:Assignment1.ExceptionHandler.IllegalSyntaxException] Member ID URL not found for target &#39;P:System.Exception.IsTransient&#39;.
SHFB: Warning BE0066: ResolveReferenceLinksComponent: [Properties.T:Assignment1.ExceptionHandler.IllegalSyntaxException] Member ID URL not found for target &#39;P:System.Exception.RemoteStackTrace&#39;.
SHFB: Warning BE0066: ResolveReferenceLinksComponent: [Properties.T:Assignment1.ExceptionHandler.IllegalSyntaxException] Member ID URL not found for target &#39;P:System.Exception.WatsonBuckets&#39;.
SHFB: Warning BE0066: ResolveReferenceLinksComponent: [Fields.T:Assignment1.ExceptionHandler.IllegalSyntaxException] Member ID URL not found for target &#39;F:System.Exception._HResult&#39;.
SHFB: Warning BE0066: ResolveReferenceLinksComponent: [Fields.T:Assignment1.ExceptionHandler.IllegalSyntaxException] Member ID URL not found for target &#39;F:System.Exception._message&#39;.
SHFB: Warning BE0066: ResolveReferenceLinksComponent: [T:Assignment1.ExceptionHandler.IllegalVariableException] Member ID URL not found for target &#39;P:System.Exception.IPForWatsonBuckets&#39;.
SHFB: Warning BE0066: ResolveReferenceLinksComponent: [T:Assignment1.ExceptionHandler.IllegalVariableException] Member ID URL not found for target &#39;P:System.Exception.IsTransient&#39;.
SHFB: Warning BE0066: ResolveReferenceLinksComponent: [T:Assignment1.ExceptionHandler.IllegalVariableException] Member ID URL not found for target &#39;P:System.Exception.RemoteStackTrace&#39;.
SHFB: Warning BE0066: ResolveReferenceLinksComponent: [T:Assignment1.ExceptionHandler.IllegalVariableException] Member ID URL not found for target &#39;P:System.Exception.WatsonBuckets&#39;.
SHFB: Warning BE0066: ResolveReferenceLinksComponent: [T:Assignment1.ExceptionHandler.IllegalVariableException] Member ID URL not found for target &#39;M:System.Exception.AddExceptionDataForRestrictedErrorInfo(System.String,System.String,System.String,System.Object,System.Boolean)&#39;.
SHFB: Warning BE0066: ResolveReferenceLinksComponent: [T:Assignment1.ExceptionHandler.IllegalVariableException] Member ID URL not found for target &#39;M:System.Exception.DeepCopyDynamicMethods(System.Object)&#39;.
SHFB: Warning BE0066: ResolveReferenceLinksComponent: [T:Assignment1.ExceptionHandler.IllegalVariableException] Member ID URL not found for target &#39;M:System.Exception.DeepCopyStackTrace(System.Object)&#39;.
SHFB: Warning BE0066: ResolveReferenceLinksComponent: [T:Assignment1.ExceptionHandler.IllegalVariableException] Member ID URL not found for target &#39;M:System.Exception.GetStackTracesDeepCopy(System.Object@,System.Object@)&#39;.
SHFB: Warning BE0066: ResolveReferenceLinksComponent: [T:Assignment1.ExceptionHandler.IllegalVariableException] Member ID URL not found for target &#39;M:System.Exception.InternalPreserveStackTrace&#39;.
SHFB: Warning BE0066: ResolveReferenceLinksComponent: [T:Assignment1.ExceptionHandler.IllegalVariableException] Member ID URL not found for target &#39;M:System.Exception.InternalToString&#39;.
SHFB: Warning BE0066: ResolveReferenceLinksComponent: [T:Assignment1.ExceptionHandler.IllegalVariableException] Member ID URL not found for target &#39;M:System.Exception.PrepForRemoting&#39;.
SHFB: Warning BE0066: ResolveReferenceLinksComponent: [T:Assignment1.ExceptionHandler.IllegalVariableException] Member ID URL not found for target &#39;M:System.Exception.RestoreExceptionDispatchInfo(System.Runtime.ExceptionServices.ExceptionDispatchInfo)&#39;.
SHFB: Warning BE0066: ResolveReferenceLinksComponent: [T:Assignment1.ExceptionHandler.IllegalVariableException] Member ID URL not found for target &#39;M:System.Exception.SetErrorCode(System.Int32)&#39;.
SHFB: Warning BE0066: ResolveReferenceLinksComponent: [T:Assignment1.ExceptionHandler.IllegalVariableException] Member ID URL not found for target &#39;M:System.Exception.TryGetRestrictedLanguageErrorObject(System.Object@)&#39;.
SHFB: Warning BE0066: ResolveReferenceLinksComponent: [T:Assignment1.ExceptionHandler.IllegalVariableException] Member ID URL not found for target &#39;F:System.Exception._HResult&#39;.
SHFB: Warning BE0066: ResolveReferenceLinksComponent: [T:Assignment1.ExceptionHandler.IllegalVariableException] Member ID URL not found for target &#39;F:System.Exception._message&#39;.
SHFB: Warning BE0066: ResolveReferenceLinksComponent: [Methods.T:Assignment1.ExceptionHandler.IllegalVariableException] Member ID URL not found for target &#39;M:System.Exception.AddExceptionDataForRestrictedErrorInfo(System.String,System.String,System.String,System.Object,System.Boolean)&#39;.
SHFB: Warning BE0066: ResolveReferenceLinksComponent: [Methods.T:Assignment1.ExceptionHandler.IllegalVariableException] Member ID URL not found for target &#39;M:System.Exception.DeepCopyDynamicMethods(System.Object)&#39;.
SHFB: Warning BE0066: ResolveReferenceLinksComponent: [Methods.T:Assignment1.ExceptionHandler.IllegalVariableException] Member ID URL not found for target &#39;M:System.Exception.DeepCopyStackTrace(System.Object)&#39;.
SHFB: Warning BE0066: ResolveReferenceLinksComponent: [Methods.T:Assignment1.ExceptionHandler.IllegalVariableException] Member ID URL not found for target &#39;M:System.Exception.GetStackTracesDeepCopy(System.Object@,System.Object@)&#39;.
SHFB: Warning BE0066: ResolveReferenceLinksComponent: [Methods.T:Assignment1.ExceptionHandler.IllegalVariableException] Member ID URL not found for target &#39;M:System.Exception.InternalPreserveStackTrace&#39;.
SHFB: Warning BE0066: ResolveReferenceLinksComponent: [Methods.T:Assignment1.ExceptionHandler.IllegalVariableException] Member ID URL not found for target &#39;M:System.Exception.InternalToString&#39;.
SHFB: Warning BE0066: ResolveReferenceLinksComponent: [Methods.T:Assignment1.ExceptionHandler.IllegalVariableException] Member ID URL not found for target &#39;M:System.Exception.PrepForRemoting&#39;.
SHFB: Warning BE0066: ResolveReferenceLinksComponent: [Methods.T:Assignment1.ExceptionHandler.IllegalVariableException] Member ID URL not found for target &#39;M:System.Exception.RestoreExceptionDispatchInfo(System.Runtime.ExceptionServices.ExceptionDispatchInfo)&#39;.
SHFB: Warning BE0066: ResolveReferenceLinksComponent: [Methods.T:Assignment1.ExceptionHandler.IllegalVariableException] Member ID URL not found for target &#39;M:System.Exception.SetErrorCode(System.Int32)&#39;.
SHFB: Warning BE0066: ResolveReferenceLinksComponent: [Methods.T:Assignment1.ExceptionHandler.IllegalVariableException] Member ID URL not found for target &#39;M:System.Exception.TryGetRestrictedLanguageErrorObject(System.Object@)&#39;.
SHFB: Warning BE0066: ResolveReferenceLinksComponent: [Properties.T:Assignment1.ExceptionHandler.IllegalVariableException] Member ID URL not found for target &#39;P:System.Exception.IPForWatsonBuckets&#39;.
SHFB: Warning BE0066: ResolveReferenceLinksComponent: [Properties.T:Assignment1.ExceptionHandler.IllegalVariableException] Member ID URL not found for target &#39;P:System.Exception.IsTransient&#39;.
SHFB: Warning BE0066: ResolveReferenceLinksComponent: [Properties.T:Assignment1.ExceptionHandler.IllegalVariableException] Member ID URL not found for target &#39;P:System.Exception.RemoteStackTrace&#39;.
SHFB: Warning BE0066: ResolveReferenceLinksComponent: [Properties.T:Assignment1.ExceptionHandler.IllegalVariableException] Member ID URL not found for target &#39;P:System.Exception.WatsonBuckets&#39;.
SHFB: Warning BE0066: ResolveReferenceLinksComponent: [Fields.T:Assignment1.ExceptionHandler.IllegalVariableException] Member ID URL not found for target &#39;F:System.Exception._HResult&#39;.
SHFB: Warning BE0066: ResolveReferenceLinksComponent: [Fields.T:Assignment1.ExceptionHandler.IllegalVariableException] Member ID URL not found for target &#39;F:System.Exception._message&#39;.
SHFB: Warning BE0066: ResolveReferenceLinksComponent: [T:Assignment1.OptionClass.Dialogue_Box.AboutBox] Member ID URL not found for target &#39;P:System.ComponentModel.Component.CanRaiseEventsInternal&#39;.
SHFB: Warning BE0066: ResolveReferenceLinksComponent: [T:Assignment1.OptionClass.Dialogue_Box.AboutBox] Member ID URL not found for target &#39;P:System.Windows.Forms.Control.RenderTransparent&#39;.
SHFB: Warning BE0066: ResolveReferenceLinksComponent: [T:Assignment1.OptionClass.Dialogue_Box.AboutBox] Member ID URL not found for target &#39;M:System.MarshalByRefObject.__RaceSetServerIdentity(System.Runtime.Remoting.ServerIdentity)&#39;.
SHFB: Warning BE0066: ResolveReferenceLinksComponent: [T:Assignment1.OptionClass.Dialogue_Box.AboutBox] Member ID URL not found for target &#39;M:System.MarshalByRefObject.__ResetServerIdentity&#39;.
SHFB: Warning BE0066: ResolveReferenceLinksComponent: [T:Assignment1.OptionClass.Dialogue_Box.AboutBox] Member ID URL not found for target &#39;M:System.MarshalByRefObject.CanCastToXmlType(System.String,System.String)&#39;.
SHFB: Warning BE0066: ResolveReferenceLinksComponent: [T:Assignment1.OptionClass.Dialogue_Box.AboutBox] Member ID URL not found for target &#39;M:System.MarshalByRefObject.GetComIUnknown(System.Boolean)&#39;.
SHFB: Warning BE0066: ResolveReferenceLinksComponent: [T:Assignment1.OptionClass.Dialogue_Box.AboutBox] Member ID URL not found for target &#39;M:System.MarshalByRefObject.InvokeMember(System.String,System.Reflection.BindingFlags,System.Reflection.Binder,System.Object[],System.Reflection.ParameterModifier[],System.Globalization.CultureInfo,System.String[])&#39;.
SHFB: Warning BE0066: ResolveReferenceLinksComponent: [T:Assignment1.OptionClass.Dialogue_Box.AboutBox] Member ID URL not found for target &#39;M:System.MarshalByRefObject.IsInstanceOfType(System.Type)&#39;.
SHFB: Warning BE0066: ResolveReferenceLinksComponent: [Methods.T:Assignment1.OptionClass.Dialogue_Box.AboutBox] Member ID URL not found for target &#39;M:System.MarshalByRefObject.__RaceSetServerIdentity(System.Runtime.Remoting.ServerIdentity)&#39;.
SHFB: Warning BE0066: ResolveReferenceLinksComponent: [Methods.T:Assignment1.OptionClass.Dialogue_Box.AboutBox] Member ID URL not found for target &#39;M:System.MarshalByRefObject.__ResetServerIdentity&#39;.
SHFB: Warning BE0066: ResolveReferenceLinksComponent: [Methods.T:Assignment1.OptionClass.Dialogue_Box.AboutBox] Member ID URL not found for target &#39;M:System.MarshalByRefObject.CanCastToXmlType(System.String,System.String)&#39;.
SHFB: Warning BE0066: ResolveReferenceLinksComponent: [Methods.T:Assignment1.OptionClass.Dialogue_Box.AboutBox] Member ID URL not found for target &#39;M:System.MarshalByRefObject.GetComIUnknown(System.Boolean)&#39;.
SHFB: Warning BE0066: ResolveReferenceLinksComponent: [Methods.T:Assignment1.OptionClass.Dialogue_Box.AboutBox] Member ID URL not found for target &#39;M:System.MarshalByRefObject.InvokeMember(System.String,System.Reflection.BindingFlags,System.Reflection.Binder,System.Object[],System.Reflection.ParameterModifier[],System.Globalization.CultureInfo,System.String[])&#39;.
SHFB: Warning BE0066: ResolveReferenceLinksComponent: [Methods.T:Assignment1.OptionClass.Dialogue_Box.AboutBox] Member ID URL not found for target &#39;M:System.MarshalByRefObject.IsInstanceOfType(System.Type)&#39;.
SHFB: Warning BE0066: ResolveReferenceLinksComponent: [Properties.T:Assignment1.OptionClass.Dialogue_Box.AboutBox] Member ID URL not found for target &#39;P:System.ComponentModel.Component.CanRaiseEventsInternal&#39;.
SHFB: Warning BE0066: ResolveReferenceLinksComponent: [Properties.T:Assignment1.OptionClass.Dialogue_Box.AboutBox] Member ID URL not found for target &#39;P:System.Windows.Forms.Control.RenderTransparent&#39;.
SHFB: Warning BE0066: ResolveReferenceLinksComponent: [T:Assignment1.OptionClass.Dialogue_Box.HelpBox] Member ID URL not found for target &#39;P:System.ComponentModel.Component.CanRaiseEventsInternal&#39;.
SHFB: Warning BE0066: ResolveReferenceLinksComponent: [T:Assignment1.OptionClass.Dialogue_Box.HelpBox] Member ID URL not found for target &#39;P:System.Windows.Forms.Control.RenderTransparent&#39;.
SHFB: Warning BE0066: ResolveReferenceLinksComponent: [T:Assignment1.OptionClass.Dialogue_Box.HelpBox] Member ID URL not found for target &#39;M:System.MarshalByRefObject.__RaceSetServerIdentity(System.Runtime.Remoting.ServerIdentity)&#39;.
SHFB: Warning BE0066: ResolveReferenceLinksComponent: [T:Assignment1.OptionClass.Dialogue_Box.HelpBox] Member ID URL not found for target &#39;M:System.MarshalByRefObject.__ResetServerIdentity&#39;.
SHFB: Warning BE0066: ResolveReferenceLinksComponent: [T:Assignment1.OptionClass.Dialogue_Box.HelpBox] Member ID URL not found for target &#39;M:System.MarshalByRefObject.CanCastToXmlType(System.String,System.String)&#39;.
SHFB: Warning BE0066: ResolveReferenceLinksComponent: [T:Assignment1.OptionClass.Dialogue_Box.HelpBox] Member ID URL not found for target &#39;M:System.MarshalByRefObject.GetComIUnknown(System.Boolean)&#39;.
SHFB: Warning BE0066: ResolveReferenceLinksComponent: [T:Assignment1.OptionClass.Dialogue_Box.HelpBox] Member ID URL not found for target &#39;M:System.MarshalByRefObject.InvokeMember(System.String,System.Reflection.BindingFlags,System.Reflection.Binder,System.Object[],System.Reflection.ParameterModifier[],System.Globalization.CultureInfo,System.String[])&#39;.
SHFB: Warning BE0066: ResolveReferenceLinksComponent: [T:Assignment1.OptionClass.Dialogue_Box.HelpBox] Member ID URL not found for target &#39;M:System.MarshalByRefObject.IsInstanceOfType(System.Type)&#39;.
SHFB: Warning BE0066: ResolveReferenceLinksComponent: [Methods.T:Assignment1.OptionClass.Dialogue_Box.HelpBox] Member ID URL not found for target &#39;M:System.MarshalByRefObject.__RaceSetServerIdentity(System.Runtime.Remoting.ServerIdentity)&#39;.
SHFB: Warning BE0066: ResolveReferenceLinksComponent: [Methods.T:Assignment1.OptionClass.Dialogue_Box.HelpBox] Member ID URL not found for target &#39;M:System.MarshalByRefObject.__ResetServerIdentity&#39;.
SHFB: Warning BE0066: ResolveReferenceLinksComponent: [Methods.T:Assignment1.OptionClass.Dialogue_Box.HelpBox] Member ID URL not found for target &#39;M:System.MarshalByRefObject.CanCastToXmlType(System.String,System.String)&#39;.
SHFB: Warning BE0066: ResolveReferenceLinksComponent: [Methods.T:Assignment1.OptionClass.Dialogue_Box.HelpBox] Member ID URL not found for target &#39;M:System.MarshalByRefObject.GetComIUnknown(System.Boolean)&#39;.
SHFB: Warning BE0066: ResolveReferenceLinksComponent: [Methods.T:Assignment1.OptionClass.Dialogue_Box.HelpBox] Member ID URL not found for target &#39;M:System.MarshalByRefObject.InvokeMember(System.String,System.Reflection.BindingFlags,System.Reflection.Binder,System.Object[],System.Reflection.ParameterModifier[],System.Globalization.CultureInfo,System.String[])&#39;.
SHFB: Warning BE0066: ResolveReferenceLinksComponent: [Methods.T:Assignment1.OptionClass.Dialogue_Box.HelpBox] Member ID URL not found for target &#39;M:System.MarshalByRefObject.IsInstanceOfType(System.Type)&#39;.
SHFB: Warning BE0066: ResolveReferenceLinksComponent: [Properties.T:Assignment1.OptionClass.Dialogue_Box.HelpBox] Member ID URL not found for target &#39;P:System.ComponentModel.Component.CanRaiseEventsInternal&#39;.
SHFB: Warning BE0066: ResolveReferenceLinksComponent: [Properties.T:Assignment1.OptionClass.Dialogue_Box.HelpBox] Member ID URL not found for target &#39;P:System.Windows.Forms.Control.RenderTransparent&#39;.
SHFB: Warning BE0066: ResolveReferenceLinksComponent: [T:Assignment1.OptionClass.FreeDrawBox.DrawBox] Member ID URL not found for target &#39;P:System.ComponentModel.Component.CanRaiseEventsInternal&#39;.
SHFB: Warning BE0066: ResolveReferenceLinksComponent: [T:Assignment1.OptionClass.FreeDrawBox.DrawBox] Member ID URL not found for target &#39;P:System.Windows.Forms.Control.RenderTransparent&#39;.
SHFB: Warning BE0066: ResolveReferenceLinksComponent: [T:Assignment1.OptionClass.FreeDrawBox.DrawBox] Member ID URL not found for target &#39;M:System.MarshalByRefObject.__RaceSetServerIdentity(System.Runtime.Remoting.ServerIdentity)&#39;.
SHFB: Warning BE0066: ResolveReferenceLinksComponent: [T:Assignment1.OptionClass.FreeDrawBox.DrawBox] Member ID URL not found for target &#39;M:System.MarshalByRefObject.__ResetServerIdentity&#39;.
SHFB: Warning BE0066: ResolveReferenceLinksComponent: [T:Assignment1.OptionClass.FreeDrawBox.DrawBox] Member ID URL not found for target &#39;M:System.MarshalByRefObject.CanCastToXmlType(System.String,System.String)&#39;.
SHFB: Warning BE0066: ResolveReferenceLinksComponent: [T:Assignment1.OptionClass.FreeDrawBox.DrawBox] Member ID URL not found for target &#39;M:System.MarshalByRefObject.GetComIUnknown(System.Boolean)&#39;.
SHFB: Warning BE0066: ResolveReferenceLinksComponent: [T:Assignment1.OptionClass.FreeDrawBox.DrawBox] Member ID URL not found for target &#39;M:System.MarshalByRefObject.InvokeMember(System.String,System.Reflection.BindingFlags,System.Reflection.Binder,System.Object[],System.Reflection.ParameterModifier[],System.Globalization.CultureInfo,System.String[])&#39;.
SHFB: Warning BE0066: ResolveReferenceLinksComponent: [T:Assignment1.OptionClass.FreeDrawBox.DrawBox] Member ID URL not found for target &#39;M:System.MarshalByRefObject.IsInstanceOfType(System.Type)&#39;.
SHFB: Warning BE0066: ResolveReferenceLinksComponent: [Methods.T:Assignment1.OptionClass.FreeDrawBox.DrawBox] Member ID URL not found for target &#39;M:System.MarshalByRefObject.__RaceSetServerIdentity(System.Runtime.Remoting.ServerIdentity)&#39;.
SHFB: Warning BE0066: ResolveReferenceLinksComponent: [Methods.T:Assignment1.OptionClass.FreeDrawBox.DrawBox] Member ID URL not found for target &#39;M:System.MarshalByRefObject.__ResetServerIdentity&#39;.
SHFB: Warning BE0066: ResolveReferenceLinksComponent: [Methods.T:Assignment1.OptionClass.FreeDrawBox.DrawBox] Member ID URL not found for target &#39;M:System.MarshalByRefObject.CanCastToXmlType(System.String,System.String)&#39;.
SHFB: Warning BE0066: ResolveReferenceLinksComponent: [Methods.T:Assignment1.OptionClass.FreeDrawBox.DrawBox] Member ID URL not found for target &#39;M:System.MarshalByRefObject.GetComIUnknown(System.Boolean)&#39;.
SHFB: Warning BE0066: ResolveReferenceLinksComponent: [Methods.T:Assignment1.OptionClass.FreeDrawBox.DrawBox] Member ID URL not found for target &#39;M:System.MarshalByRefObject.InvokeMember(System.String,System.Reflection.BindingFlags,System.Reflection.Binder,System.Object[],System.Reflection.ParameterModifier[],System.Globalization.CultureInfo,System.String[])&#39;.
SHFB: Warning BE0066: ResolveReferenceLinksComponent: [Methods.T:Assignment1.OptionClass.FreeDrawBox.DrawBox] Member ID URL not found for target &#39;M:System.MarshalByRefObject.IsInstanceOfType(System.Type)&#39;.
SHFB: Warning BE0066: ResolveReferenceLinksComponent: [Properties.T:Assignment1.OptionClass.FreeDrawBox.DrawBox] Member ID URL not found for target &#39;P:System.ComponentModel.Component.CanRaiseEventsInternal&#39;.
SHFB: Warning BE0066: ResolveReferenceLinksComponent: [Properties.T:Assignment1.OptionClass.FreeDrawBox.DrawBox] Member ID URL not found for target &#39;P:System.Windows.Forms.Control.RenderTransparent&#39;.
SHFB: Warning BE0066: ResolveReferenceLinksComponent: [T:Assignment1.OptionClass.SpinBox.SpinShape] Member ID URL not found for target &#39;P:System.ComponentModel.Component.CanRaiseEventsInternal&#39;.
SHFB: Warning BE0066: ResolveReferenceLinksComponent: [T:Assignment1.OptionClass.SpinBox.SpinShape] Member ID URL not found for target &#39;P:System.Windows.Forms.Control.RenderTransparent&#39;.
SHFB: Warning BE0066: ResolveReferenceLinksComponent: [T:Assignment1.OptionClass.SpinBox.SpinShape] Member ID URL not found for target &#39;M:System.MarshalByRefObject.__RaceSetServerIdentity(System.Runtime.Remoting.ServerIdentity)&#39;.
SHFB: Warning BE0066: ResolveReferenceLinksComponent: [T:Assignment1.OptionClass.SpinBox.SpinShape] Member ID URL not found for target &#39;M:System.MarshalByRefObject.__ResetServerIdentity&#39;.
SHFB: Warning BE0066: ResolveReferenceLinksComponent: [T:Assignment1.OptionClass.SpinBox.SpinShape] Member ID URL not found for target &#39;M:System.MarshalByRefObject.CanCastToXmlType(System.String,System.String)&#39;.
SHFB: Warning BE0066: ResolveReferenceLinksComponent: [T:Assignment1.OptionClass.SpinBox.SpinShape] Member ID URL not found for target &#39;M:System.MarshalByRefObject.GetComIUnknown(System.Boolean)&#39;.
SHFB: Warning BE0066: ResolveReferenceLinksComponent: [T:Assignment1.OptionClass.SpinBox.SpinShape] Member ID URL not found for target &#39;M:System.MarshalByRefObject.InvokeMember(System.String,System.Reflection.BindingFlags,System.Reflection.Binder,System.Object[],System.Reflection.ParameterModifier[],System.Globalization.CultureInfo,System.String[])&#39;.
SHFB: Warning BE0066: ResolveReferenceLinksComponent: [T:Assignment1.OptionClass.SpinBox.SpinShape] Member ID URL not found for target &#39;M:System.MarshalByRefObject.IsInstanceOfType(System.Type)&#39;.
SHFB: Warning BE0066: ResolveReferenceLinksComponent: [Methods.T:Assignment1.OptionClass.SpinBox.SpinShape] Member ID URL not found for target &#39;M:System.MarshalByRefObject.__RaceSetServerIdentity(System.Runtime.Remoting.ServerIdentity)&#39;.
SHFB: Warning BE0066: ResolveReferenceLinksComponent: [Methods.T:Assignment1.OptionClass.SpinBox.SpinShape] Member ID URL not found for target &#39;M:System.MarshalByRefObject.__ResetServerIdentity&#39;.
SHFB: Warning BE0066: ResolveReferenceLinksComponent: [Methods.T:Assignment1.OptionClass.SpinBox.SpinShape] Member ID URL not found for target &#39;M:System.MarshalByRefObject.CanCastToXmlType(System.String,System.String)&#39;.
SHFB: Warning BE0066: ResolveReferenceLinksComponent: [Methods.T:Assignment1.OptionClass.SpinBox.SpinShape] Member ID URL not found for target &#39;M:System.MarshalByRefObject.GetComIUnknown(System.Boolean)&#39;.
SHFB: Warning BE0066: ResolveReferenceLinksComponent: [Methods.T:Assignment1.OptionClass.SpinBox.SpinShape] Member ID URL not found for target &#39;M:System.MarshalByRefObject.InvokeMember(System.String,System.Reflection.BindingFlags,System.Reflection.Binder,System.Object[],System.Reflection.ParameterModifier[],System.Globalization.CultureInfo,System.String[])&#39;.
SHFB: Warning BE0066: ResolveReferenceLinksComponent: [Methods.T:Assignment1.OptionClass.SpinBox.SpinShape] Member ID URL not found for target &#39;M:System.MarshalByRefObject.IsInstanceOfType(System.Type)&#39;.
SHFB: Warning BE0066: ResolveReferenceLinksComponent: [Properties.T:Assignment1.OptionClass.SpinBox.SpinShape] Member ID URL not found for target &#39;P:System.ComponentModel.Component.CanRaiseEventsInternal&#39;.
SHFB: Warning BE0066: ResolveReferenceLinksComponent: [Properties.T:Assignment1.OptionClass.SpinBox.SpinShape] Member ID URL not found for target &#39;P:System.Windows.Forms.Control.RenderTransparent&#39;.
SHFB: Warning BE0066: ResolveReferenceLinksComponent: [T:Assignment1.OptionClass.TimerBox.CountDown] Member ID URL not found for target &#39;P:System.ComponentModel.Component.CanRaiseEventsInternal&#39;.
SHFB: Warning BE0066: ResolveReferenceLinksComponent: [T:Assignment1.OptionClass.TimerBox.CountDown] Member ID URL not found for target &#39;P:System.Windows.Forms.Control.RenderTransparent&#39;.
SHFB: Warning BE0066: ResolveReferenceLinksComponent: [T:Assignment1.OptionClass.TimerBox.CountDown] Member ID URL not found for target &#39;M:System.MarshalByRefObject.__RaceSetServerIdentity(System.Runtime.Remoting.ServerIdentity)&#39;.
SHFB: Warning BE0066: ResolveReferenceLinksComponent: [T:Assignment1.OptionClass.TimerBox.CountDown] Member ID URL not found for target &#39;M:System.MarshalByRefObject.__ResetServerIdentity&#39;.
SHFB: Warning BE0066: ResolveReferenceLinksComponent: [T:Assignment1.OptionClass.TimerBox.CountDown] Member ID URL not found for target &#39;M:System.MarshalByRefObject.CanCastToXmlType(System.String,System.String)&#39;.
SHFB: Warning BE0066: ResolveReferenceLinksComponent: [T:Assignment1.OptionClass.TimerBox.CountDown] Member ID URL not found for target &#39;M:System.MarshalByRefObject.GetComIUnknown(System.Boolean)&#39;.
SHFB: Warning BE0066: ResolveReferenceLinksComponent: [T:Assignment1.OptionClass.TimerBox.CountDown] Member ID URL not found for target &#39;M:System.MarshalByRefObject.InvokeMember(System.String,System.Reflection.BindingFlags,System.Reflection.Binder,System.Object[],System.Reflection.ParameterModifier[],System.Globalization.CultureInfo,System.String[])&#39;.
SHFB: Warning BE0066: ResolveReferenceLinksComponent: [T:Assignment1.OptionClass.TimerBox.CountDown] Member ID URL not found for target &#39;M:System.MarshalByRefObject.IsInstanceOfType(System.Type)&#39;.
SHFB: Warning BE0066: ResolveReferenceLinksComponent: [Methods.T:Assignment1.OptionClass.TimerBox.CountDown] Member ID URL not found for target &#39;M:System.MarshalByRefObject.__RaceSetServerIdentity(System.Runtime.Remoting.ServerIdentity)&#39;.
SHFB: Warning BE0066: ResolveReferenceLinksComponent: [Methods.T:Assignment1.OptionClass.TimerBox.CountDown] Member ID URL not found for target &#39;M:System.MarshalByRefObject.__ResetServerIdentity&#39;.
SHFB: Warning BE0066: ResolveReferenceLinksComponent: [Methods.T:Assignment1.OptionClass.TimerBox.CountDown] Member ID URL not found for target &#39;M:System.MarshalByRefObject.CanCastToXmlType(System.String,System.String)&#39;.
SHFB: Warning BE0066: ResolveReferenceLinksComponent: [Methods.T:Assignment1.OptionClass.TimerBox.CountDown] Member ID URL not found for target &#39;M:System.MarshalByRefObject.GetComIUnknown(System.Boolean)&#39;.
SHFB: Warning BE0066: ResolveReferenceLinksComponent: [Methods.T:Assignment1.OptionClass.TimerBox.CountDown] Member ID URL not found for target &#39;M:System.MarshalByRefObject.InvokeMember(System.String,System.Reflection.BindingFlags,System.Reflection.Binder,System.Object[],System.Reflection.ParameterModifier[],System.Globalization.CultureInfo,System.String[])&#39;.
SHFB: Warning BE0066: ResolveReferenceLinksComponent: [Methods.T:Assignment1.OptionClass.TimerBox.CountDown] Member ID URL not found for target &#39;M:System.MarshalByRefObject.IsInstanceOfType(System.Type)&#39;.
SHFB: Warning BE0066: ResolveReferenceLinksComponent: [Properties.T:Assignment1.OptionClass.TimerBox.CountDown] Member ID URL not found for target &#39;P:System.ComponentModel.Component.CanRaiseEventsInternal&#39;.
SHFB: Warning BE0066: ResolveReferenceLinksComponent: [Properties.T:Assignment1.OptionClass.TimerBox.CountDown] Member ID URL not found for target &#39;P:System.Windows.Forms.Control.RenderTransparent&#39;.
Processed 486 topic(s)
224 warning(s)
CopyFromIndexComponent: &quot;reflection&quot; in-memory cache entries used: 7 of 15.
CopyFromIndexComponent: &quot;comments&quot; in-memory cache entries used: 4 of 30.
ResolveReferenceLinksComponent: 7 entries added to the member ID URL cache.  New cache size: 589 entries
<plugIn name="Website Table of Contents Generator" behavior="After" priority="1000">
Generating TOC fragment files
</plugIn>    Last step completed in 00:00:20.6511
</buildStep>
<buildStep step="CopyStandardHelpContent">
Copying standard help content...
C:\Program Files (x86)\EWSoftware\Sandcastle Help File Builder\Components\Default2022\css\bulma.css -&gt; E:\Class\Course Material\L6\Sem 1\Software Engineering\Assignment_Project\HTML Docs\Assignment_Documents\Help\Working\Output\Website\css\bulma.css
C:\Program Files (x86)\EWSoftware\Sandcastle Help File Builder\Components\Default2022\css\bulma.css.map -&gt; E:\Class\Course Material\L6\Sem 1\Software Engineering\Assignment_Project\HTML Docs\Assignment_Documents\Help\Working\Output\Website\css\bulma.css.map
C:\Program Files (x86)\EWSoftware\Sandcastle Help File Builder\Components\Default2022\css\bulma.min.css -&gt; E:\Class\Course Material\L6\Sem 1\Software Engineering\Assignment_Project\HTML Docs\Assignment_Documents\Help\Working\Output\Website\css\bulma.min.css
C:\Program Files (x86)\EWSoftware\Sandcastle Help File Builder\Components\Default2022\css\font-awesome.css -&gt; E:\Class\Course Material\L6\Sem 1\Software Engineering\Assignment_Project\HTML Docs\Assignment_Documents\Help\Working\Output\Website\css\font-awesome.css
C:\Program Files (x86)\EWSoftware\Sandcastle Help File Builder\Components\Default2022\css\font-awesome.min.css -&gt; E:\Class\Course Material\L6\Sem 1\Software Engineering\Assignment_Project\HTML Docs\Assignment_Documents\Help\Working\Output\Website\css\font-awesome.min.css
C:\Program Files (x86)\EWSoftware\Sandcastle Help File Builder\Components\Default2022\css\ja-JP.css -&gt; E:\Class\Course Material\L6\Sem 1\Software Engineering\Assignment_Project\HTML Docs\Assignment_Documents\Help\Working\Output\Website\css\ja-JP.css
C:\Program Files (x86)\EWSoftware\Sandcastle Help File Builder\Components\Default2022\css\ko-KR.css -&gt; E:\Class\Course Material\L6\Sem 1\Software Engineering\Assignment_Project\HTML Docs\Assignment_Documents\Help\Working\Output\Website\css\ko-KR.css
C:\Program Files (x86)\EWSoftware\Sandcastle Help File Builder\Components\Default2022\css\presentationStyle.css -&gt; E:\Class\Course Material\L6\Sem 1\Software Engineering\Assignment_Project\HTML Docs\Assignment_Documents\Help\Working\Output\Website\css\presentationStyle.css
C:\Program Files (x86)\EWSoftware\Sandcastle Help File Builder\Components\Default2022\css\vs.min.css -&gt; E:\Class\Course Material\L6\Sem 1\Software Engineering\Assignment_Project\HTML Docs\Assignment_Documents\Help\Working\Output\Website\css\vs.min.css
C:\Program Files (x86)\EWSoftware\Sandcastle Help File Builder\Components\Default2022\css\zh-CN.css -&gt; E:\Class\Course Material\L6\Sem 1\Software Engineering\Assignment_Project\HTML Docs\Assignment_Documents\Help\Working\Output\Website\css\zh-CN.css
C:\Program Files (x86)\EWSoftware\Sandcastle Help File Builder\Components\Default2022\css\zh-TW.css -&gt; E:\Class\Course Material\L6\Sem 1\Software Engineering\Assignment_Project\HTML Docs\Assignment_Documents\Help\Working\Output\Website\css\zh-TW.css
C:\Program Files (x86)\EWSoftware\Sandcastle Help File Builder\Components\Default2022\icons\favicon.ico -&gt; E:\Class\Course Material\L6\Sem 1\Software Engineering\Assignment_Project\HTML Docs\Assignment_Documents\Help\Working\Output\Website\icons\favicon.ico
C:\Program Files (x86)\EWSoftware\Sandcastle Help File Builder\Components\Default2022\scripts\clipboard.min.js -&gt; E:\Class\Course Material\L6\Sem 1\Software Engineering\Assignment_Project\HTML Docs\Assignment_Documents\Help\Working\Output\Website\scripts\clipboard.min.js
C:\Program Files (x86)\EWSoftware\Sandcastle Help File Builder\Components\Default2022\scripts\highlight.min.js -&gt; E:\Class\Course Material\L6\Sem 1\Software Engineering\Assignment_Project\HTML Docs\Assignment_Documents\Help\Working\Output\Website\scripts\highlight.min.js
C:\Program Files (x86)\EWSoftware\Sandcastle Help File Builder\Components\Default2022\scripts\jquery-3.5.1.min.js -&gt; E:\Class\Course Material\L6\Sem 1\Software Engineering\Assignment_Project\HTML Docs\Assignment_Documents\Help\Working\Output\Website\scripts\jquery-3.5.1.min.js
C:\Program Files (x86)\EWSoftware\Sandcastle Help File Builder\Components\Default2022\scripts\presentationStyle.js -&gt; E:\Class\Course Material\L6\Sem 1\Software Engineering\Assignment_Project\HTML Docs\Assignment_Documents\Help\Working\Output\Website\scripts\presentationStyle.js
C:\Program Files (x86)\EWSoftware\Sandcastle Help File Builder\Components\Default2022\webfonts\fa-brands-400.ttf -&gt; E:\Class\Course Material\L6\Sem 1\Software Engineering\Assignment_Project\HTML Docs\Assignment_Documents\Help\Working\Output\Website\webfonts\fa-brands-400.ttf
C:\Program Files (x86)\EWSoftware\Sandcastle Help File Builder\Components\Default2022\webfonts\fa-brands-400.woff2 -&gt; E:\Class\Course Material\L6\Sem 1\Software Engineering\Assignment_Project\HTML Docs\Assignment_Documents\Help\Working\Output\Website\webfonts\fa-brands-400.woff2
C:\Program Files (x86)\EWSoftware\Sandcastle Help File Builder\Components\Default2022\webfonts\fa-regular-400.ttf -&gt; E:\Class\Course Material\L6\Sem 1\Software Engineering\Assignment_Project\HTML Docs\Assignment_Documents\Help\Working\Output\Website\webfonts\fa-regular-400.ttf
C:\Program Files (x86)\EWSoftware\Sandcastle Help File Builder\Components\Default2022\webfonts\fa-regular-400.woff2 -&gt; E:\Class\Course Material\L6\Sem 1\Software Engineering\Assignment_Project\HTML Docs\Assignment_Documents\Help\Working\Output\Website\webfonts\fa-regular-400.woff2
C:\Program Files (x86)\EWSoftware\Sandcastle Help File Builder\Components\Default2022\webfonts\fa-solid-900.ttf -&gt; E:\Class\Course Material\L6\Sem 1\Software Engineering\Assignment_Project\HTML Docs\Assignment_Documents\Help\Working\Output\Website\webfonts\fa-solid-900.ttf
C:\Program Files (x86)\EWSoftware\Sandcastle Help File Builder\Components\Default2022\webfonts\fa-solid-900.woff2 -&gt; E:\Class\Course Material\L6\Sem 1\Software Engineering\Assignment_Project\HTML Docs\Assignment_Documents\Help\Working\Output\Website\webfonts\fa-solid-900.woff2
C:\Program Files (x86)\EWSoftware\Sandcastle Help File Builder\Components\Default2022\webfonts\fa-v4compatibility.ttf -&gt; E:\Class\Course Material\L6\Sem 1\Software Engineering\Assignment_Project\HTML Docs\Assignment_Documents\Help\Working\Output\Website\webfonts\fa-v4compatibility.ttf
C:\Program Files (x86)\EWSoftware\Sandcastle Help File Builder\Components\Default2022\webfonts\fa-v4compatibility.woff2 -&gt; E:\Class\Course Material\L6\Sem 1\Software Engineering\Assignment_Project\HTML Docs\Assignment_Documents\Help\Working\Output\Website\webfonts\fa-v4compatibility.woff2
C:\Program Files (x86)\EWSoftware\Sandcastle Help File Builder\Components\Default2022\RootWebsiteContent\GeneralError.html -&gt; E:\Class\Course Material\L6\Sem 1\Software Engineering\Assignment_Project\HTML Docs\Assignment_Documents\Help\Working\Output\Website\GeneralError.html
C:\Program Files (x86)\EWSoftware\Sandcastle Help File Builder\Components\Default2022\RootWebsiteContent\index.html -&gt; E:\Class\Course Material\L6\Sem 1\Software Engineering\Assignment_Project\HTML Docs\Assignment_Documents\Help\Working\Output\Website\index.html
C:\Program Files (x86)\EWSoftware\Sandcastle Help File Builder\Components\Default2022\RootWebsiteContent\PageNotFound.html -&gt; E:\Class\Course Material\L6\Sem 1\Software Engineering\Assignment_Project\HTML Docs\Assignment_Documents\Help\Working\Output\Website\PageNotFound.html
C:\Program Files (x86)\EWSoftware\Sandcastle Help File Builder\Components\Default2022\RootWebsiteContent\search.html -&gt; E:\Class\Course Material\L6\Sem 1\Software Engineering\Assignment_Project\HTML Docs\Assignment_Documents\Help\Working\Output\Website\search.html
C:\Program Files (x86)\EWSoftware\Sandcastle Help File Builder\Components\Default2022\RootWebsiteContent\SearchHelp.aspx -&gt; E:\Class\Course Material\L6\Sem 1\Software Engineering\Assignment_Project\HTML Docs\Assignment_Documents\Help\Working\Output\Website\SearchHelp.aspx
C:\Program Files (x86)\EWSoftware\Sandcastle Help File Builder\Components\Default2022\RootWebsiteContent\SearchHelp.inc.php -&gt; E:\Class\Course Material\L6\Sem 1\Software Engineering\Assignment_Project\HTML Docs\Assignment_Documents\Help\Working\Output\Website\SearchHelp.inc.php
C:\Program Files (x86)\EWSoftware\Sandcastle Help File Builder\Components\Default2022\RootWebsiteContent\SearchHelp.php -&gt; E:\Class\Course Material\L6\Sem 1\Software Engineering\Assignment_Project\HTML Docs\Assignment_Documents\Help\Working\Output\Website\SearchHelp.php
C:\Program Files (x86)\EWSoftware\Sandcastle Help File Builder\Components\Default2022\RootWebsiteContent\Web.Config -&gt; E:\Class\Course Material\L6\Sem 1\Software Engineering\Assignment_Project\HTML Docs\Assignment_Documents\Help\Working\Output\Website\Web.Config
    Last step completed in 00:00:00.3783
</buildStep>
<buildStep step="GenerateFullTextIndex">
Generating full-text index for the website...

    Last step completed in 00:00:00.7903
</buildStep>
<buildStep step="CopyingWebsiteFiles">
Copying website files to output folder...

Copied 500 files
Copied 676 files for the website content
    Last step completed in 00:00:00.6814
</buildStep>
<buildStep step="CleanIntermediates">
Removing intermediate files...
    Last step completed in 00:00:00.1996
</buildStep>
<buildStep step="Completed">

Build completed successfully at 1/16/2024 2:32:15 PM.  Total time: 00:00:28.4858

</buildStep>
</shfbBuild>
